2024-12-28T00:45:07.242Z [INFO]: 28-Dec-2024, 01:43:52, Info: successfully signed up user::signup.controllers.user.js
2024-12-28T01:18:19.489Z [ERROR]: comparing incoming and already set password in the DB failed:::UserMiddleware::comparePassword
2024-12-28T01:19:24.042Z [ERROR]: comparing incoming and already set password in the DB failed:::UserMiddleware::comparePassword
2024-12-28T01:21:26.921Z [ERROR]: 28-Dec-2024, 02:21:19,:::Info: user not found::comparePassword.middlewares.auth.js
2024-12-28T01:21:39.232Z [ERROR]: 28-Dec-2024, 02:21:33,:::Info: user not found::comparePassword.middlewares.auth.js
2024-12-28T01:21:49.788Z [INFO]: 28-Dec-2024, 02:21:33,:::Info: successfully returned compared passwords response comparePassword.middlewares.auth.js
2024-12-28T01:21:49.789Z [INFO]: 28-Dec-2024, 02:21:33,:::Info: login password does not match comparePassword.middlewares.auth.js
2024-12-28T01:23:11.638Z [INFO]: 28-Dec-2024, 02:23:05,:::Info: successfully returned compared passwords response comparePassword.middlewares.auth.js
2024-12-28T01:23:11.640Z [INFO]: 28-Dec-2024, 02:23:05,:::Info: login password does not match comparePassword.middlewares.auth.js
2024-12-28T01:24:07.460Z [INFO]: 28-Dec-2024, 02:23:05,:::Info: successfully returned compared passwords response comparePassword.middlewares.auth.js
2024-12-28T01:24:07.462Z [INFO]: 28-Dec-2024, 02:23:05,:::Info: login password matches::comparePassword.middlewares.auth.js
2024-12-28T01:24:07.468Z [ERROR]: 28-Dec-2024, 02:23:05, Info: signup failed::login.controllers.user.js
2024-12-28T01:24:46.019Z [INFO]: 28-Dec-2024, 02:24:37,:::Info: successfully returned compared passwords response comparePassword.middlewares.auth.js
2024-12-28T01:24:46.022Z [INFO]: 28-Dec-2024, 02:24:37,:::Info: login password matches::comparePassword.middlewares.auth.js
2024-12-28T01:24:46.026Z [INFO]: 28-Dec-2024, 02:24:37,undefined::: Info: successfully generated access token login.service.user.js
2024-12-28T01:24:46.027Z [INFO]: 28-Dec-2024, 02:24:37, undefined:::Info: successfully fetched token expiration time login.service.user.js
2024-12-28T01:24:46.028Z [ERROR]: Login user failed::UserService::login
2024-12-28T01:24:46.029Z [ERROR]: 28-Dec-2024, 02:24:37, Info: signup failed::login.controllers.user.js
2024-12-28T01:25:28.087Z [INFO]: 28-Dec-2024, 02:25:09,:::Info: successfully returned compared passwords response comparePassword.middlewares.auth.js
2024-12-28T01:25:28.090Z [INFO]: 28-Dec-2024, 02:25:09,:::Info: login password matches::comparePassword.middlewares.auth.js
2024-12-28T01:25:28.093Z [INFO]: 28-Dec-2024, 02:25:09,undefined::: Info: successfully generated access token login.service.user.js
2024-12-28T01:25:28.094Z [INFO]: 28-Dec-2024, 02:25:09, undefined:::Info: successfully fetched token expiration time login.service.user.js
2024-12-28T01:25:28.096Z [INFO]: 28-Dec-2024, 02:25:09, undefined:::Info: successfully converted time from epoch time to a readable format login.service.user.js
2024-12-28T01:25:28.098Z [ERROR]: Login user failed::UserService::login
2024-12-28T01:25:28.099Z [ERROR]: 28-Dec-2024, 02:25:09, Info: signup failed::login.controllers.user.js
2024-12-28T01:26:47.309Z [INFO]: 28-Dec-2024, 02:26:37,:::Info: successfully returned compared passwords response comparePassword.middlewares.auth.js
2024-12-28T01:26:47.313Z [INFO]: 28-Dec-2024, 02:26:37,:::Info: login password matches::comparePassword.middlewares.auth.js
2024-12-28T01:26:47.317Z [INFO]: 28-Dec-2024, 02:26:37,undefined::: Info: successfully generated access token login.service.user.js
2024-12-28T01:26:47.318Z [INFO]: 28-Dec-2024, 02:26:37, undefined:::Info: successfully fetched token expiration time login.service.user.js
2024-12-28T01:26:47.319Z [INFO]: 28-Dec-2024, 02:26:37, undefined:::Info: successfully converted time from epoch time to a readable format login.service.user.js
2024-12-28T01:26:47.321Z [INFO]: 28-Dec-2024, 02:26:37, Info: successfully logged in user::login.controllers.user.js
2024-12-28T01:28:34.807Z [INFO]: 28-Dec-2024, 02:28:27,:::Info: successfully returned compared passwords response comparePassword.middlewares.auth.js
2024-12-28T01:28:34.811Z [INFO]: 28-Dec-2024, 02:28:27,:::Info: login password matches::comparePassword.middlewares.auth.js
2024-12-28T01:28:34.816Z [INFO]: 28-Dec-2024, 02:28:27,undefined::: Info: successfully generated access token login.service.user.js
2024-12-28T01:28:34.816Z [INFO]: 28-Dec-2024, 02:28:27, undefined:::Info: successfully fetched token expiration time login.service.user.js
2024-12-28T01:28:34.818Z [INFO]: 28-Dec-2024, 02:28:27, undefined:::Info: successfully converted time from epoch time to a readable format login.service.user.js
2024-12-28T01:28:34.820Z [INFO]: 28-Dec-2024, 02:28:27, Info: successfully logged in user::login.controllers.user.js
2024-12-28T01:29:48.877Z [INFO]: 28-Dec-2024, 02:29:40,:::Info: successfully returned compared passwords response comparePassword.middlewares.auth.js
2024-12-28T01:29:48.880Z [INFO]: 28-Dec-2024, 02:29:40,:::Info: login password matches::comparePassword.middlewares.auth.js
2024-12-28T01:29:48.884Z [INFO]: 28-Dec-2024, 02:29:40,3::: Info: successfully generated access token login.service.user.js
2024-12-28T01:29:48.885Z [INFO]: 28-Dec-2024, 02:29:40, 3:::Info: successfully fetched token expiration time login.service.user.js
2024-12-28T01:29:48.886Z [INFO]: 28-Dec-2024, 02:29:40, 3:::Info: successfully converted time from epoch time to a readable format login.service.user.js
2024-12-28T01:29:48.887Z [INFO]: 28-Dec-2024, 02:29:40, Info: successfully logged in user::login.controllers.user.js
2024-12-28T01:30:13.691Z [INFO]: 28-Dec-2024, 02:30:08,:::Info: successfully returned compared passwords response comparePassword.middlewares.auth.js
2024-12-28T01:30:13.694Z [INFO]: 28-Dec-2024, 02:30:08,:::Info: login password matches::comparePassword.middlewares.auth.js
2024-12-28T01:30:13.698Z [INFO]: 28-Dec-2024, 02:30:08,3::: Info: successfully generated access token login.service.user.js
2024-12-28T01:30:13.699Z [INFO]: 28-Dec-2024, 02:30:08, 3:::Info: successfully fetched token expiration time login.service.user.js
2024-12-28T01:30:13.700Z [INFO]: 28-Dec-2024, 02:30:08, 3:::Info: successfully converted time from epoch time to a readable format login.service.user.js
2024-12-28T01:30:13.701Z [INFO]: 28-Dec-2024, 02:30:08, Info: successfully logged in user::login.controllers.user.js
2024-12-28T01:30:35.688Z [INFO]: 28-Dec-2024, 02:30:32,:::Info: successfully returned compared passwords response comparePassword.middlewares.auth.js
2024-12-28T01:30:35.691Z [INFO]: 28-Dec-2024, 02:30:32,:::Info: login password matches::comparePassword.middlewares.auth.js
2024-12-28T01:30:35.695Z [INFO]: 28-Dec-2024, 02:30:32,3::: Info: successfully generated access token login.service.user.js
2024-12-28T01:30:35.696Z [INFO]: 28-Dec-2024, 02:30:32, 3:::Info: successfully fetched token expiration time login.service.user.js
2024-12-28T01:30:35.697Z [INFO]: 28-Dec-2024, 02:30:32, 3:::Info: successfully converted time from epoch time to a readable format login.service.user.js
2024-12-28T01:30:35.698Z [INFO]: 28-Dec-2024, 02:30:32, Info: successfully logged in user::login.controllers.user.js
2024-12-28T01:31:56.105Z [INFO]: 28-Dec-2024, 02:31:47,:::Info: successfully returned compared passwords response comparePassword.middlewares.auth.js
2024-12-28T01:31:56.107Z [INFO]: 28-Dec-2024, 02:31:47,:::Info: login password matches::comparePassword.middlewares.auth.js
2024-12-28T01:31:56.111Z [INFO]: 28-Dec-2024, 02:31:47,3::: Info: successfully generated access token login.service.user.js
2024-12-28T01:31:56.112Z [INFO]: 28-Dec-2024, 02:31:47, 3:::Info: successfully fetched token expiration time login.service.user.js
2024-12-28T01:31:56.114Z [INFO]: 28-Dec-2024, 02:31:47, 3:::Info: successfully converted time from epoch time to a readable format login.service.user.js
2024-12-28T01:31:56.115Z [INFO]: 28-Dec-2024, 02:31:47, Info: successfully logged in user::login.controllers.user.js
2024-12-28T01:32:34.006Z [INFO]: 28-Dec-2024, 02:32:20,:::Info: successfully returned compared passwords response comparePassword.middlewares.auth.js
2024-12-28T01:32:34.008Z [INFO]: 28-Dec-2024, 02:32:20,:::Info: login password matches::comparePassword.middlewares.auth.js
2024-12-28T01:32:34.013Z [INFO]: 28-Dec-2024, 02:32:20,3::: Info: successfully generated access token login.service.user.js
2024-12-28T01:32:34.013Z [INFO]: 28-Dec-2024, 02:32:20, 3:::Info: successfully fetched token expiration time login.service.user.js
2024-12-28T01:32:34.015Z [INFO]: 28-Dec-2024, 02:32:20, 3:::Info: successfully converted time from epoch time to a readable format login.service.user.js
2024-12-28T01:32:34.017Z [INFO]: 28-Dec-2024, 02:32:20, Info: successfully logged in user::login.controllers.user.js
2024-12-28T01:33:46.893Z [INFO]: 28-Dec-2024, 02:33:39,:::Info: successfully returned compared passwords response comparePassword.middlewares.auth.js
2024-12-28T01:33:46.895Z [INFO]: 28-Dec-2024, 02:33:39,:::Info: login password matches::comparePassword.middlewares.auth.js
2024-12-28T01:33:46.899Z [INFO]: 28-Dec-2024, 02:33:39,3::: Info: successfully generated access token login.service.user.js
2024-12-28T01:33:46.900Z [INFO]: 28-Dec-2024, 02:33:39, 3:::Info: successfully fetched token expiration time login.service.user.js
2024-12-28T01:33:46.901Z [INFO]: 28-Dec-2024, 02:33:39, 3:::Info: successfully converted time from epoch time to a readable format login.service.user.js
2024-12-28T01:33:46.902Z [INFO]: 28-Dec-2024, 02:33:39, Info: successfully logged in user::login.controllers.user.js
2024-12-28T01:35:53.265Z [INFO]: 28-Dec-2024, 02:35:00, Info: successfully signed up user::signup.controllers.user.js
2024-12-28T01:39:18.294Z [INFO]: 28-Dec-2024, 02:39:07, Info: successfully signed up user::signup.controllers.user.js
